<?xml version="1.0" encoding="UTF-8"?>
<testsuite xmlns:xsi="http://www.w3.org/2001/XMLSchema-instance" xsi:noNamespaceSchemaLocation="https://maven.apache.org/surefire/maven-surefire-plugin/xsd/surefire-test-report-3.0.xsd" version="3.0" name="ua.kpi.comsys.test2.implementation.AdditionalOperationTest" time="0.046" tests="7" errors="0" skipped="6" failures="0">
  <properties>
[...]
</properties>
  <testcase name="testAND" classname="ua.kpi.comsys.test2.implementation.AdditionalOperationTest" time="0.006"/>
  <testcase name="testAdd" classname="ua.kpi.comsys.test2.implementation.AdditionalOperationTest" time="0.0">
    <skipped message="got: &lt;false&gt;, expected: is &lt;true&gt;"/>
  </testcase>
  <testcase name="testDiv" classname="ua.kpi.comsys.test2.implementation.AdditionalOperationTest" time="0.0">
    <skipped message="got: &lt;false&gt;, expected: is &lt;true&gt;"/>
  </testcase>
  <testcase name="testMod" classname="ua.kpi.comsys.test2.implementation.AdditionalOperationTest" time="0.0">
    <skipped message="got: &lt;false&gt;, expected: is &lt;true&gt;"/>
  </testcase>
  <testcase name="testOR" classname="ua.kpi.comsys.test2.implementation.AdditionalOperationTest" time="0.0">
    <skipped message="got: &lt;false&gt;, expected: is &lt;true&gt;"/>
  </testcase>
  <testcase name="testMultiply" classname="ua.kpi.comsys.test2.implementation.AdditionalOperationTest" time="0.0">
    <skipped message="got: &lt;false&gt;, expected: is &lt;true&gt;"/>
  </testcase>
  <testcase name="testRemove" classname="ua.kpi.comsys.test2.implementation.AdditionalOperationTest" time="0.0">
    <skipped message="got: &lt;false&gt;, expected: is &lt;true&gt;"/>
  </testcase>
</testsuite>